<?xml version="1.0" encoding="UTF-8"?>
<testng-results skipped="0" failed="0" total="1" passed="1">
  <reporter-output>
  </reporter-output>
  <suite name="Default suite" duration-ms="14065" started-at="2020-08-27T06:26:03Z" finished-at="2020-08-27T06:26:17Z">
    <groups>
    </groups>
    <test name="Default test" duration-ms="14065" started-at="2020-08-27T06:26:03Z" finished-at="2020-08-27T06:26:17Z">
      <class name="vodafone.com.tr.DemoRestAssuredAPIProject.AppTest">
        <test-method status="PASS" signature="addPlace()[pri:0, instance:vodafone.com.tr.DemoRestAssuredAPIProject.AppTest@47fd17e3]" name="addPlace" duration-ms="14020" started-at="2020-08-27T09:26:03Z" finished-at="2020-08-27T09:26:17Z">
          <reporter-output>
          </reporter-output>
        </test-method> <!-- addPlace -->
      </class> <!-- vodafone.com.tr.DemoRestAssuredAPIProject.AppTest -->
    </test> <!-- Default test -->
  </suite> <!-- Default suite -->
</testng-results>
